This file contains any messages produced by compilers while
running configure, to aid debugging if configure makes a mistake.

It was created by omniORB configure 4.1.5, which was
generated by GNU Autoconf 2.63.  Invocation command line was

  $ ./configure --prefix=/opt --enable-threads --enable-shared

## --------- ##
## Platform. ##
## --------- ##

hostname = nintu
uname -m = x86_64
uname -r = 4.15.0-20-generic
uname -s = Linux
uname -v = #21-Ubuntu SMP Tue Apr 24 06:16:15 UTC 2018

/usr/bin/uname -p = unknown
/bin/uname -X     = unknown

/bin/arch              = unknown
/usr/bin/arch -k       = unknown
/usr/convex/getsysinfo = unknown
/usr/bin/hostinfo      = unknown
/bin/machine           = unknown
/usr/bin/oslevel       = unknown
/bin/universe          = unknown

PATH: /usr/local/sbin
PATH: /usr/local/bin
PATH: /usr/sbin
PATH: /usr/bin
PATH: /sbin
PATH: /bin
PATH: /usr/games
PATH: /usr/local/games
PATH: /snap/bin


## ----------- ##
## Core tests. ##
## ----------- ##

configure:1912: checking build system type
configure:1930: result: x86_64-unknown-linux-gnu
configure:1952: checking host system type
configure:1967: result: x86_64-unknown-linux-gnu
configure:2054: checking for gcc
configure:2070: found /usr/bin/gcc
configure:2081: result: gcc
configure:2313: checking for C compiler version
configure:2321: gcc --version >&5
gcc (Ubuntu 7.4.0-1ubuntu1~18.04.1) 7.4.0
Copyright (C) 2017 Free Software Foundation, Inc.
This is free software; see the source for copying conditions.  There is NO
warranty; not even for MERCHANTABILITY or FITNESS FOR A PARTICULAR PURPOSE.

configure:2325: $? = 0
configure:2332: gcc -v >&5
Using built-in specs.
COLLECT_GCC=gcc
COLLECT_LTO_WRAPPER=/usr/lib/gcc/x86_64-linux-gnu/7/lto-wrapper
OFFLOAD_TARGET_NAMES=nvptx-none
OFFLOAD_TARGET_DEFAULT=1
Target: x86_64-linux-gnu
Configured with: ../src/configure -v --with-pkgversion='Ubuntu 7.4.0-1ubuntu1~18.04.1' --with-bugurl=file:///usr/share/doc/gcc-7/README.Bugs --enable-languages=c,ada,c++,go,brig,d,fortran,objc,obj-c++ --prefix=/usr --with-gcc-major-version-only --program-suffix=-7 --program-prefix=x86_64-linux-gnu- --enable-shared --enable-linker-build-id --libexecdir=/usr/lib --without-included-gettext --enable-threads=posix --libdir=/usr/lib --enable-nls --with-sysroot=/ --enable-clocale=gnu --enable-libstdcxx-debug --enable-libstdcxx-time=yes --with-default-libstdcxx-abi=new --enable-gnu-unique-object --disable-vtable-verify --enable-libmpx --enable-plugin --enable-default-pie --with-system-zlib --with-target-system-zlib --enable-objc-gc=auto --enable-multiarch --disable-werror --with-arch-32=i686 --with-abi=m64 --with-multilib-list=m32,m64,mx32 --enable-multilib --with-tune=generic --enable-offload-targets=nvptx-none --without-cuda-driver --enable-checking=release --build=x86_64-linux-gnu --host=x86_64-linux-gnu --target=x86_64-linux-gnu
Thread model: posix
gcc version 7.4.0 (Ubuntu 7.4.0-1ubuntu1~18.04.1) 
configure:2336: $? = 0
configure:2343: gcc -V >&5
gcc: error: unrecognized command line option '-V'
gcc: fatal error: no input files
compilation terminated.
configure:2347: $? = 1
configure:2370: checking for C compiler default output file name
configure:2392: gcc -O   conftest.c  >&5
configure:2396: $? = 0
configure:2434: result: a.out
configure:2453: checking whether the C compiler works
configure:2463: ./a.out
configure:2467: $? = 0
configure:2486: result: yes
configure:2493: checking whether we are cross compiling
configure:2495: result: no
configure:2498: checking for suffix of executables
configure:2505: gcc -o conftest -O   conftest.c  >&5
configure:2509: $? = 0
configure:2535: result: 
configure:2541: checking for suffix of object files
configure:2567: gcc -c -O  conftest.c >&5
configure:2571: $? = 0
configure:2596: result: o
configure:2600: checking whether we are using the GNU C compiler
configure:2629: gcc -c -O  conftest.c >&5
configure:2636: $? = 0
configure:2653: result: yes
configure:2662: checking whether gcc accepts -g
configure:2692: gcc -c -g  conftest.c >&5
configure:2699: $? = 0
configure:2800: result: yes
configure:2817: checking for gcc option to accept ISO C89
configure:2891: gcc  -c -O  conftest.c >&5
configure:2898: $? = 0
configure:2921: result: none needed
configure:2997: checking for g++
configure:3013: found /usr/bin/g++
configure:3024: result: g++
configure:3051: checking for C++ compiler version
configure:3059: g++ --version >&5
g++ (Ubuntu 7.4.0-1ubuntu1~18.04.1) 7.4.0
Copyright (C) 2017 Free Software Foundation, Inc.
This is free software; see the source for copying conditions.  There is NO
warranty; not even for MERCHANTABILITY or FITNESS FOR A PARTICULAR PURPOSE.

configure:3063: $? = 0
configure:3070: g++ -v >&5
Using built-in specs.
COLLECT_GCC=g++
COLLECT_LTO_WRAPPER=/usr/lib/gcc/x86_64-linux-gnu/7/lto-wrapper
OFFLOAD_TARGET_NAMES=nvptx-none
OFFLOAD_TARGET_DEFAULT=1
Target: x86_64-linux-gnu
Configured with: ../src/configure -v --with-pkgversion='Ubuntu 7.4.0-1ubuntu1~18.04.1' --with-bugurl=file:///usr/share/doc/gcc-7/README.Bugs --enable-languages=c,ada,c++,go,brig,d,fortran,objc,obj-c++ --prefix=/usr --with-gcc-major-version-only --program-suffix=-7 --program-prefix=x86_64-linux-gnu- --enable-shared --enable-linker-build-id --libexecdir=/usr/lib --without-included-gettext --enable-threads=posix --libdir=/usr/lib --enable-nls --with-sysroot=/ --enable-clocale=gnu --enable-libstdcxx-debug --enable-libstdcxx-time=yes --with-default-libstdcxx-abi=new --enable-gnu-unique-object --disable-vtable-verify --enable-libmpx --enable-plugin --enable-default-pie --with-system-zlib --with-target-system-zlib --enable-objc-gc=auto --enable-multiarch --disable-werror --with-arch-32=i686 --with-abi=m64 --with-multilib-list=m32,m64,mx32 --enable-multilib --with-tune=generic --enable-offload-targets=nvptx-none --without-cuda-driver --enable-checking=release --build=x86_64-linux-gnu --host=x86_64-linux-gnu --target=x86_64-linux-gnu
Thread model: posix
gcc version 7.4.0 (Ubuntu 7.4.0-1ubuntu1~18.04.1) 
configure:3074: $? = 0
configure:3081: g++ -V >&5
g++: error: unrecognized command line option '-V'
g++: fatal error: no input files
compilation terminated.
configure:3085: $? = 1
configure:3088: checking whether we are using the GNU C++ compiler
configure:3117: g++ -c -O2  conftest.cpp >&5
configure:3124: $? = 0
configure:3141: result: yes
configure:3150: checking whether g++ accepts -g
configure:3180: g++ -c -g  conftest.cpp >&5
configure:3187: $? = 0
configure:3288: result: yes
configure:3316: checking how to run the C preprocessor
configure:3356: gcc -E  conftest.c
configure:3363: $? = 0
configure:3394: gcc -E  conftest.c
conftest.c:8:10: fatal error: ac_nonexistent.h: No such file or directory
 #include <ac_nonexistent.h>
          ^~~~~~~~~~~~~~~~~~
compilation terminated.
configure:3401: $? = 1
configure: failed program was:
| /* confdefs.h.  */
| #define PACKAGE_NAME "omniORB"
| #define PACKAGE_TARNAME "omniorb"
| #define PACKAGE_VERSION "4.1.5"
| #define PACKAGE_STRING "omniORB 4.1.5"
| #define PACKAGE_BUGREPORT "bugs@omniorb-support.com"
| /* end confdefs.h.  */
| #include <ac_nonexistent.h>
configure:3434: result: gcc -E
configure:3463: gcc -E  conftest.c
configure:3470: $? = 0
configure:3501: gcc -E  conftest.c
conftest.c:8:10: fatal error: ac_nonexistent.h: No such file or directory
 #include <ac_nonexistent.h>
          ^~~~~~~~~~~~~~~~~~
compilation terminated.
configure:3508: $? = 1
configure: failed program was:
| /* confdefs.h.  */
| #define PACKAGE_NAME "omniORB"
| #define PACKAGE_TARNAME "omniorb"
| #define PACKAGE_VERSION "4.1.5"
| #define PACKAGE_STRING "omniORB 4.1.5"
| #define PACKAGE_BUGREPORT "bugs@omniorb-support.com"
| /* end confdefs.h.  */
| #include <ac_nonexistent.h>
configure:3590: checking for ranlib
configure:3606: found /usr/bin/ranlib
configure:3617: result: ranlib
configure:3653: checking for a BSD-compatible install
configure:3721: result: /usr/bin/install -c
configure:3732: checking whether make sets $(MAKE)
configure:3754: result: yes
configure:3774: checking for python
configure:3792: found /usr/bin/python
configure:3804: result: /usr/bin/python
configure:3827: checking for python version
configure:3834: result: 2.7
configure:3846: checking for python platform
configure:3853: result: linux2
configure:3860: checking for python script directory
configure:3889: result: ${prefix}/lib/python2.7/site-packages
configure:3898: checking for python extension module directory
configure:3927: result: ${exec_prefix}/lib/python2.7/site-packages
configure:3943: checking for pkg-config
configure:3961: found /usr/bin/pkg-config
configure:3974: result: /usr/bin/pkg-config
configure:4097: checking pkg-config is at least version 0.9.0
configure:4100: result: yes
configure:4109: checking for OpenSSL root
configure:4124: result: no
configure:4287: checking how to run the C++ preprocessor
configure:4323: g++ -E  conftest.cpp
configure:4330: $? = 0
configure:4361: g++ -E  conftest.cpp
conftest.cpp:8:10: fatal error: ac_nonexistent.h: No such file or directory
 #include <ac_nonexistent.h>
          ^~~~~~~~~~~~~~~~~~
compilation terminated.
configure:4368: $? = 1
configure: failed program was:
| /* confdefs.h.  */
| #define PACKAGE_NAME "omniORB"
| #define PACKAGE_TARNAME "omniorb"
| #define PACKAGE_VERSION "4.1.5"
| #define PACKAGE_STRING "omniORB 4.1.5"
| #define PACKAGE_BUGREPORT "bugs@omniorb-support.com"
| /* end confdefs.h.  */
| #include <ac_nonexistent.h>
configure:4401: result: g++ -E
configure:4430: g++ -E  conftest.cpp
configure:4437: $? = 0
configure:4468: g++ -E  conftest.cpp
conftest.cpp:8:10: fatal error: ac_nonexistent.h: No such file or directory
 #include <ac_nonexistent.h>
          ^~~~~~~~~~~~~~~~~~
compilation terminated.
configure:4475: $? = 1
configure: failed program was:
| /* confdefs.h.  */
| #define PACKAGE_NAME "omniORB"
| #define PACKAGE_TARNAME "omniorb"
| #define PACKAGE_VERSION "4.1.5"
| #define PACKAGE_STRING "omniORB 4.1.5"
| #define PACKAGE_BUGREPORT "bugs@omniorb-support.com"
| /* end confdefs.h.  */
| #include <ac_nonexistent.h>
configure:4515: checking for grep that handles long lines and -e
configure:4575: result: /bin/grep
configure:4580: checking for egrep
configure:4644: result: /bin/grep -E
configure:4649: checking for ANSI C header files
configure:4679: g++ -c -O2  conftest.cpp >&5
configure:4686: $? = 0
configure:4785: g++ -o conftest -O2   conftest.cpp  >&5
configure:4789: $? = 0
configure:4795: ./conftest
configure:4799: $? = 0
configure:4817: result: yes
configure:4841: checking for sys/types.h
configure:4862: g++ -c -O2  conftest.cpp >&5
configure:4869: $? = 0
configure:4886: result: yes
configure:4841: checking for sys/stat.h
configure:4862: g++ -c -O2  conftest.cpp >&5
configure:4869: $? = 0
configure:4886: result: yes
configure:4841: checking for stdlib.h
configure:4862: g++ -c -O2  conftest.cpp >&5
configure:4869: $? = 0
configure:4886: result: yes
configure:4841: checking for string.h
configure:4862: g++ -c -O2  conftest.cpp >&5
configure:4869: $? = 0
configure:4886: result: yes
configure:4841: checking for memory.h
configure:4862: g++ -c -O2  conftest.cpp >&5
configure:4869: $? = 0
configure:4886: result: yes
configure:4841: checking for strings.h
configure:4862: g++ -c -O2  conftest.cpp >&5
configure:4869: $? = 0
configure:4886: result: yes
configure:4841: checking for inttypes.h
configure:4862: g++ -c -O2  conftest.cpp >&5
configure:4869: $? = 0
configure:4886: result: yes
configure:4841: checking for stdint.h
configure:4862: g++ -c -O2  conftest.cpp >&5
configure:4869: $? = 0
configure:4886: result: yes
configure:4841: checking for unistd.h
configure:4862: g++ -c -O2  conftest.cpp >&5
configure:4869: $? = 0
configure:4886: result: yes
configure:4922: checking errno.h usability
configure:4939: g++ -c -O2  conftest.cpp >&5
configure:4946: $? = 0
configure:4960: result: yes
configure:4964: checking errno.h presence
configure:4979: g++ -E  conftest.cpp
configure:4986: $? = 0
configure:5000: result: yes
configure:5033: checking for errno.h
configure:5042: result: yes
configure:4922: checking fcntl.h usability
configure:4939: g++ -c -O2  conftest.cpp >&5
configure:4946: $? = 0
configure:4960: result: yes
configure:4964: checking fcntl.h presence
configure:4979: g++ -E  conftest.cpp
configure:4986: $? = 0
configure:5000: result: yes
configure:5033: checking for fcntl.h
configure:5042: result: yes
configure:4922: checking netdb.h usability
configure:4939: g++ -c -O2  conftest.cpp >&5
configure:4946: $? = 0
configure:4960: result: yes
configure:4964: checking netdb.h presence
configure:4979: g++ -E  conftest.cpp
configure:4986: $? = 0
configure:5000: result: yes
configure:5033: checking for netdb.h
configure:5042: result: yes
configure:4922: checking signal.h usability
configure:4939: g++ -c -O2  conftest.cpp >&5
configure:4946: $? = 0
configure:4960: result: yes
configure:4964: checking signal.h presence
configure:4979: g++ -E  conftest.cpp
configure:4986: $? = 0
configure:5000: result: yes
configure:5033: checking for signal.h
configure:5042: result: yes
configure:4911: checking for stdlib.h
configure:4918: result: yes
configure:4911: checking for string.h
configure:4918: result: yes
configure:4911: checking for strings.h
configure:4918: result: yes
configure:5067: checking for unistd.h
configure:5074: result: yes
configure:5078: checking nan.h usability
configure:5095: g++ -c -O2  conftest.cpp >&5
conftest.cpp:59:10: fatal error: nan.h: No such file or directory
 #include <nan.h>
          ^~~~~~~
compilation terminated.
configure:5102: $? = 1
configure: failed program was:
| /* confdefs.h.  */
| #define PACKAGE_NAME "omniORB"
| #define PACKAGE_TARNAME "omniorb"
| #define PACKAGE_VERSION "4.1.5"
| #define PACKAGE_STRING "omniORB 4.1.5"
| #define PACKAGE_BUGREPORT "bugs@omniorb-support.com"
| #define STDC_HEADERS 1
| #define HAVE_SYS_TYPES_H 1
| #define HAVE_SYS_STAT_H 1
| #define HAVE_STDLIB_H 1
| #define HAVE_STRING_H 1
| #define HAVE_MEMORY_H 1
| #define HAVE_STRINGS_H 1
| #define HAVE_INTTYPES_H 1
| #define HAVE_STDINT_H 1
| #define HAVE_UNISTD_H 1
| #define HAVE_ERRNO_H 1
| #define HAVE_FCNTL_H 1
| #define HAVE_NETDB_H 1
| #define HAVE_SIGNAL_H 1
| #define HAVE_STDLIB_H 1
| #define HAVE_STRING_H 1
| #define HAVE_STRINGS_H 1
| #define HAVE_UNISTD_H 1
| /* end confdefs.h.  */
| #include <stdio.h>
| #ifdef HAVE_SYS_TYPES_H
| # include <sys/types.h>
| #endif
| #ifdef HAVE_SYS_STAT_H
| # include <sys/stat.h>
| #endif
| #ifdef STDC_HEADERS
| # include <stdlib.h>
| # include <stddef.h>
| #else
| # ifdef HAVE_STDLIB_H
| #  include <stdlib.h>
| # endif
| #endif
| #ifdef HAVE_STRING_H
| # if !defined STDC_HEADERS && defined HAVE_MEMORY_H
| #  include <memory.h>
| # endif
| # include <string.h>
| #endif
| #ifdef HAVE_STRINGS_H
| # include <strings.h>
| #endif
| #ifdef HAVE_INTTYPES_H
| # include <inttypes.h>
| #endif
| #ifdef HAVE_STDINT_H
| # include <stdint.h>
| #endif
| #ifdef HAVE_UNISTD_H
| # include <unistd.h>
| #endif
| #include <nan.h>
configure:5116: result: no
configure:5120: checking nan.h presence
configure:5135: g++ -E  conftest.cpp
conftest.cpp:26:10: fatal error: nan.h: No such file or directory
 #include <nan.h>
          ^~~~~~~
compilation terminated.
configure:5142: $? = 1
configure: failed program was:
| /* confdefs.h.  */
| #define PACKAGE_NAME "omniORB"
| #define PACKAGE_TARNAME "omniorb"
| #define PACKAGE_VERSION "4.1.5"
| #define PACKAGE_STRING "omniORB 4.1.5"
| #define PACKAGE_BUGREPORT "bugs@omniorb-support.com"
| #define STDC_HEADERS 1
| #define HAVE_SYS_TYPES_H 1
| #define HAVE_SYS_STAT_H 1
| #define HAVE_STDLIB_H 1
| #define HAVE_STRING_H 1
| #define HAVE_MEMORY_H 1
| #define HAVE_STRINGS_H 1
| #define HAVE_INTTYPES_H 1
| #define HAVE_STDINT_H 1
| #define HAVE_UNISTD_H 1
| #define HAVE_ERRNO_H 1
| #define HAVE_FCNTL_H 1
| #define HAVE_NETDB_H 1
| #define HAVE_SIGNAL_H 1
| #define HAVE_STDLIB_H 1
| #define HAVE_STRING_H 1
| #define HAVE_STRINGS_H 1
| #define HAVE_UNISTD_H 1
| /* end confdefs.h.  */
| #include <nan.h>
configure:5156: result: no
configure:5189: checking for nan.h
configure:5198: result: no
configure:5078: checking sys/if.h usability
configure:5095: g++ -c -O2  conftest.cpp >&5
conftest.cpp:59:10: fatal error: sys/if.h: No such file or directory
 #include <sys/if.h>
          ^~~~~~~~~~
compilation terminated.
configure:5102: $? = 1
configure: failed program was:
| /* confdefs.h.  */
| #define PACKAGE_NAME "omniORB"
| #define PACKAGE_TARNAME "omniorb"
| #define PACKAGE_VERSION "4.1.5"
| #define PACKAGE_STRING "omniORB 4.1.5"
| #define PACKAGE_BUGREPORT "bugs@omniorb-support.com"
| #define STDC_HEADERS 1
| #define HAVE_SYS_TYPES_H 1
| #define HAVE_SYS_STAT_H 1
| #define HAVE_STDLIB_H 1
| #define HAVE_STRING_H 1
| #define HAVE_MEMORY_H 1
| #define HAVE_STRINGS_H 1
| #define HAVE_INTTYPES_H 1
| #define HAVE_STDINT_H 1
| #define HAVE_UNISTD_H 1
| #define HAVE_ERRNO_H 1
| #define HAVE_FCNTL_H 1
| #define HAVE_NETDB_H 1
| #define HAVE_SIGNAL_H 1
| #define HAVE_STDLIB_H 1
| #define HAVE_STRING_H 1
| #define HAVE_STRINGS_H 1
| #define HAVE_UNISTD_H 1
| /* end confdefs.h.  */
| #include <stdio.h>
| #ifdef HAVE_SYS_TYPES_H
| # include <sys/types.h>
| #endif
| #ifdef HAVE_SYS_STAT_H
| # include <sys/stat.h>
| #endif
| #ifdef STDC_HEADERS
| # include <stdlib.h>
| # include <stddef.h>
| #else
| # ifdef HAVE_STDLIB_H
| #  include <stdlib.h>
| # endif
| #endif
| #ifdef HAVE_STRING_H
| # if !defined STDC_HEADERS && defined HAVE_MEMORY_H
| #  include <memory.h>
| # endif
| # include <string.h>
| #endif
| #ifdef HAVE_STRINGS_H
| # include <strings.h>
| #endif
| #ifdef HAVE_INTTYPES_H
| # include <inttypes.h>
| #endif
| #ifdef HAVE_STDINT_H
| # include <stdint.h>
| #endif
| #ifdef HAVE_UNISTD_H
| # include <unistd.h>
| #endif
| #include <sys/if.h>
configure:5116: result: no
configure:5120: checking sys/if.h presence
configure:5135: g++ -E  conftest.cpp
conftest.cpp:26:10: fatal error: sys/if.h: No such file or directory
 #include <sys/if.h>
          ^~~~~~~~~~
compilation terminated.
configure:5142: $? = 1
configure: failed program was:
| /* confdefs.h.  */
| #define PACKAGE_NAME "omniORB"
| #define PACKAGE_TARNAME "omniorb"
| #define PACKAGE_VERSION "4.1.5"
| #define PACKAGE_STRING "omniORB 4.1.5"
| #define PACKAGE_BUGREPORT "bugs@omniorb-support.com"
| #define STDC_HEADERS 1
| #define HAVE_SYS_TYPES_H 1
| #define HAVE_SYS_STAT_H 1
| #define HAVE_STDLIB_H 1
| #define HAVE_STRING_H 1
| #define HAVE_MEMORY_H 1
| #define HAVE_STRINGS_H 1
| #define HAVE_INTTYPES_H 1
| #define HAVE_STDINT_H 1
| #define HAVE_UNISTD_H 1
| #define HAVE_ERRNO_H 1
| #define HAVE_FCNTL_H 1
| #define HAVE_NETDB_H 1
| #define HAVE_SIGNAL_H 1
| #define HAVE_STDLIB_H 1
| #define HAVE_STRING_H 1
| #define HAVE_STRINGS_H 1
| #define HAVE_UNISTD_H 1
| /* end confdefs.h.  */
| #include <sys/if.h>
configure:5156: result: no
configure:5189: checking for sys/if.h
configure:5198: result: no
configure:5078: checking sys/ioctl.h usability
configure:5095: g++ -c -O2  conftest.cpp >&5
configure:5102: $? = 0
configure:5116: result: yes
configure:5120: checking sys/ioctl.h presence
configure:5135: g++ -E  conftest.cpp
configure:5142: $? = 0
configure:5156: result: yes
configure:5189: checking for sys/ioctl.h
configure:5198: result: yes
configure:5078: checking sys/param.h usability
configure:5095: g++ -c -O2  conftest.cpp >&5
configure:5102: $? = 0
configure:5116: result: yes
configure:5120: checking sys/param.h presence
configure:5135: g++ -E  conftest.cpp
configure:5142: $? = 0
configure:5156: result: yes
configure:5189: checking for sys/param.h
configure:5198: result: yes
configure:5078: checking sys/time.h usability
configure:5095: g++ -c -O2  conftest.cpp >&5
configure:5102: $? = 0
configure:5116: result: yes
configure:5120: checking sys/time.h presence
configure:5135: g++ -E  conftest.cpp
configure:5142: $? = 0
configure:5156: result: yes
configure:5189: checking for sys/time.h
configure:5198: result: yes
configure:5230: checking sys/poll.h usability
configure:5247: g++ -c -O2  conftest.cpp >&5
configure:5254: $? = 0
configure:5268: result: yes
configure:5272: checking sys/poll.h presence
configure:5287: g++ -E  conftest.cpp
configure:5294: $? = 0
configure:5308: result: yes
configure:5341: checking for sys/poll.h
configure:5350: result: yes
configure:5230: checking ifaddrs.h usability
configure:5247: g++ -c -O2  conftest.cpp >&5
configure:5254: $? = 0
configure:5268: result: yes
configure:5272: checking ifaddrs.h presence
configure:5287: g++ -E  conftest.cpp
configure:5294: $? = 0
configure:5308: result: yes
configure:5341: checking for ifaddrs.h
configure:5350: result: yes
configure:5365: checking whether time.h and sys/time.h may both be included
configure:5395: g++ -c -O2  conftest.cpp >&5
configure:5402: $? = 0
configure:5417: result: yes
configure:5431: checking whether byte ordering is bigendian
configure:5456: g++ -c -O2  conftest.cpp >&5
conftest.cpp:33:9: error: expected unqualified-id before 'not' token
         not a universal capable compiler
         ^~~
configure:5463: $? = 1
configure: failed program was:
| /* confdefs.h.  */
| #define PACKAGE_NAME "omniORB"
| #define PACKAGE_TARNAME "omniorb"
| #define PACKAGE_VERSION "4.1.5"
| #define PACKAGE_STRING "omniORB 4.1.5"
| #define PACKAGE_BUGREPORT "bugs@omniorb-support.com"
| #define STDC_HEADERS 1
| #define HAVE_SYS_TYPES_H 1
| #define HAVE_SYS_STAT_H 1
| #define HAVE_STDLIB_H 1
| #define HAVE_STRING_H 1
| #define HAVE_MEMORY_H 1
| #define HAVE_STRINGS_H 1
| #define HAVE_INTTYPES_H 1
| #define HAVE_STDINT_H 1
| #define HAVE_UNISTD_H 1
| #define HAVE_ERRNO_H 1
| #define HAVE_FCNTL_H 1
| #define HAVE_NETDB_H 1
| #define HAVE_SIGNAL_H 1
| #define HAVE_STDLIB_H 1
| #define HAVE_STRING_H 1
| #define HAVE_STRINGS_H 1
| #define HAVE_UNISTD_H 1
| #define HAVE_SYS_IOCTL_H 1
| #define HAVE_SYS_PARAM_H 1
| #define HAVE_SYS_TIME_H 1
| #define HAVE_SYS_POLL_H 1
| #define HAVE_IFADDRS_H 1
| #define TIME_WITH_SYS_TIME 1
| /* end confdefs.h.  */
| #ifndef __APPLE_CC__
| 	       not a universal capable compiler
| 	     #endif
| 	     typedef int dummy;
| 
configure:5513: g++ -c -O2  conftest.cpp >&5
configure:5520: $? = 0
configure:5552: g++ -c -O2  conftest.cpp >&5
conftest.cpp: In function 'int main()':
conftest.cpp:39:8: error: 'big' was not declared in this scope
    not big endian
        ^~~
configure:5559: $? = 1
configure: failed program was:
| /* confdefs.h.  */
| #define PACKAGE_NAME "omniORB"
| #define PACKAGE_TARNAME "omniorb"
| #define PACKAGE_VERSION "4.1.5"
| #define PACKAGE_STRING "omniORB 4.1.5"
| #define PACKAGE_BUGREPORT "bugs@omniorb-support.com"
| #define STDC_HEADERS 1
| #define HAVE_SYS_TYPES_H 1
| #define HAVE_SYS_STAT_H 1
| #define HAVE_STDLIB_H 1
| #define HAVE_STRING_H 1
| #define HAVE_MEMORY_H 1
| #define HAVE_STRINGS_H 1
| #define HAVE_INTTYPES_H 1
| #define HAVE_STDINT_H 1
| #define HAVE_UNISTD_H 1
| #define HAVE_ERRNO_H 1
| #define HAVE_FCNTL_H 1
| #define HAVE_NETDB_H 1
| #define HAVE_SIGNAL_H 1
| #define HAVE_STDLIB_H 1
| #define HAVE_STRING_H 1
| #define HAVE_STRINGS_H 1
| #define HAVE_UNISTD_H 1
| #define HAVE_SYS_IOCTL_H 1
| #define HAVE_SYS_PARAM_H 1
| #define HAVE_SYS_TIME_H 1
| #define HAVE_SYS_POLL_H 1
| #define HAVE_IFADDRS_H 1
| #define TIME_WITH_SYS_TIME 1
| /* end confdefs.h.  */
| #include <sys/types.h>
| 		#include <sys/param.h>
| 
| int
| main ()
| {
| #if BYTE_ORDER != BIG_ENDIAN
| 		 not big endian
| 		#endif
| 
|   ;
|   return 0;
| }
configure:5811: result: no
configure:5840: checking size of char
configure:6145: g++ -o conftest -O2   conftest.cpp  >&5
configure:6149: $? = 0
configure:6155: ./conftest
configure:6159: $? = 0
configure:6185: result: 1
configure:6199: checking size of unsigned char
configure:6504: g++ -o conftest -O2   conftest.cpp  >&5
configure:6508: $? = 0
configure:6514: ./conftest
configure:6518: $? = 0
configure:6544: result: 1
configure:6558: checking size of bool
configure:6863: g++ -o conftest -O2   conftest.cpp  >&5
configure:6867: $? = 0
configure:6873: ./conftest
configure:6877: $? = 0
configure:6903: result: 1
configure:6917: checking size of short
configure:7222: g++ -o conftest -O2   conftest.cpp  >&5
configure:7226: $? = 0
configure:7232: ./conftest
configure:7236: $? = 0
configure:7262: result: 2
configure:7276: checking size of int
configure:7581: g++ -o conftest -O2   conftest.cpp  >&5
configure:7585: $? = 0
configure:7591: ./conftest
configure:7595: $? = 0
configure:7621: result: 4
configure:7635: checking size of long
configure:7940: g++ -o conftest -O2   conftest.cpp  >&5
configure:7944: $? = 0
configure:7950: ./conftest
configure:7954: $? = 0
configure:7980: result: 8
configure:7994: checking size of long long
configure:8299: g++ -o conftest -O2   conftest.cpp  >&5
configure:8303: $? = 0
configure:8309: ./conftest
configure:8313: $? = 0
configure:8339: result: 8
configure:8353: checking size of float
configure:8658: g++ -o conftest -O2   conftest.cpp  >&5
configure:8662: $? = 0
configure:8668: ./conftest
configure:8672: $? = 0
configure:8698: result: 4
configure:8712: checking size of double
configure:9017: g++ -o conftest -O2   conftest.cpp  >&5
configure:9021: $? = 0
configure:9027: ./conftest
configure:9031: $? = 0
configure:9057: result: 8
configure:9071: checking size of long double
configure:9376: g++ -o conftest -O2   conftest.cpp  >&5
configure:9380: $? = 0
configure:9386: ./conftest
configure:9390: $? = 0
configure:9416: result: 16
configure:9430: checking size of wchar_t
configure:9735: g++ -o conftest -O2   conftest.cpp  >&5
configure:9739: $? = 0
configure:9745: ./conftest
configure:9749: $? = 0
configure:9775: result: 4
configure:9789: checking size of void*
configure:10094: g++ -o conftest -O2   conftest.cpp  >&5
configure:10098: $? = 0
configure:10104: ./conftest
configure:10108: $? = 0
configure:10134: result: 8
configure:10147: checking for struct sockaddr_in6
configure:10179: g++ -c -O2  conftest.cpp >&5
configure:10186: $? = 0
configure:10217: g++ -c -O2  conftest.cpp >&5
conftest.cpp: In function 'int main()':
conftest.cpp:52:14: error: expected primary-expression before 'struct'
 if (sizeof ((struct sockaddr_in6)))
              ^~~~~~
conftest.cpp:52:14: error: expected ')' before 'struct'
conftest.cpp:53:12: error: expected ')' before ';' token
    return 0;
            ^
conftest.cpp:53:12: error: expected ')' before ';' token
configure:10224: $? = 1
configure: failed program was:
| /* confdefs.h.  */
| #define PACKAGE_NAME "omniORB"
| #define PACKAGE_TARNAME "omniorb"
| #define PACKAGE_VERSION "4.1.5"
| #define PACKAGE_STRING "omniORB 4.1.5"
| #define PACKAGE_BUGREPORT "bugs@omniorb-support.com"
| #define STDC_HEADERS 1
| #define HAVE_SYS_TYPES_H 1
| #define HAVE_SYS_STAT_H 1
| #define HAVE_STDLIB_H 1
| #define HAVE_STRING_H 1
| #define HAVE_MEMORY_H 1
| #define HAVE_STRINGS_H 1
| #define HAVE_INTTYPES_H 1
| #define HAVE_STDINT_H 1
| #define HAVE_UNISTD_H 1
| #define HAVE_ERRNO_H 1
| #define HAVE_FCNTL_H 1
| #define HAVE_NETDB_H 1
| #define HAVE_SIGNAL_H 1
| #define HAVE_STDLIB_H 1
| #define HAVE_STRING_H 1
| #define HAVE_STRINGS_H 1
| #define HAVE_UNISTD_H 1
| #define HAVE_SYS_IOCTL_H 1
| #define HAVE_SYS_PARAM_H 1
| #define HAVE_SYS_TIME_H 1
| #define HAVE_SYS_POLL_H 1
| #define HAVE_IFADDRS_H 1
| #define TIME_WITH_SYS_TIME 1
| #define SIZEOF_CHAR 1
| #define SIZEOF_UNSIGNED_CHAR 1
| #define SIZEOF_BOOL 1
| #define SIZEOF_SHORT 2
| #define SIZEOF_INT 4
| #define SIZEOF_LONG 8
| #define SIZEOF_LONG_LONG 8
| #define SIZEOF_FLOAT 4
| #define SIZEOF_DOUBLE 8
| #define SIZEOF_LONG_DOUBLE 16
| #define SIZEOF_WCHAR_T 4
| #define SIZEOF_VOIDP 8
| /* end confdefs.h.  */
| #include <sys/types.h>
| #include <sys/socket.h>
| #include <net/if.h>
| #include <netinet/in.h>
| 
| int
| main ()
| {
| if (sizeof ((struct sockaddr_in6)))
| 	  return 0;
|   ;
|   return 0;
| }
configure:10247: result: yes
configure:10257: checking for struct sockaddr_storage
configure:10289: g++ -c -O2  conftest.cpp >&5
configure:10296: $? = 0
configure:10327: g++ -c -O2  conftest.cpp >&5
conftest.cpp: In function 'int main()':
conftest.cpp:53:14: error: expected primary-expression before 'struct'
 if (sizeof ((struct sockaddr_storage)))
              ^~~~~~
conftest.cpp:53:14: error: expected ')' before 'struct'
conftest.cpp:54:12: error: expected ')' before ';' token
    return 0;
            ^
conftest.cpp:54:12: error: expected ')' before ';' token
configure:10334: $? = 1
configure: failed program was:
| /* confdefs.h.  */
| #define PACKAGE_NAME "omniORB"
| #define PACKAGE_TARNAME "omniorb"
| #define PACKAGE_VERSION "4.1.5"
| #define PACKAGE_STRING "omniORB 4.1.5"
| #define PACKAGE_BUGREPORT "bugs@omniorb-support.com"
| #define STDC_HEADERS 1
| #define HAVE_SYS_TYPES_H 1
| #define HAVE_SYS_STAT_H 1
| #define HAVE_STDLIB_H 1
| #define HAVE_STRING_H 1
| #define HAVE_MEMORY_H 1
| #define HAVE_STRINGS_H 1
| #define HAVE_INTTYPES_H 1
| #define HAVE_STDINT_H 1
| #define HAVE_UNISTD_H 1
| #define HAVE_ERRNO_H 1
| #define HAVE_FCNTL_H 1
| #define HAVE_NETDB_H 1
| #define HAVE_SIGNAL_H 1
| #define HAVE_STDLIB_H 1
| #define HAVE_STRING_H 1
| #define HAVE_STRINGS_H 1
| #define HAVE_UNISTD_H 1
| #define HAVE_SYS_IOCTL_H 1
| #define HAVE_SYS_PARAM_H 1
| #define HAVE_SYS_TIME_H 1
| #define HAVE_SYS_POLL_H 1
| #define HAVE_IFADDRS_H 1
| #define TIME_WITH_SYS_TIME 1
| #define SIZEOF_CHAR 1
| #define SIZEOF_UNSIGNED_CHAR 1
| #define SIZEOF_BOOL 1
| #define SIZEOF_SHORT 2
| #define SIZEOF_INT 4
| #define SIZEOF_LONG 8
| #define SIZEOF_LONG_LONG 8
| #define SIZEOF_FLOAT 4
| #define SIZEOF_DOUBLE 8
| #define SIZEOF_LONG_DOUBLE 16
| #define SIZEOF_WCHAR_T 4
| #define SIZEOF_VOIDP 8
| #define HAVE_STRUCT_SOCKADDR_IN6 1
| /* end confdefs.h.  */
| #include <sys/types.h>
| #include <sys/socket.h>
| #include <net/if.h>
| #include <netinet/in.h>
| 
| int
| main ()
| {
| if (sizeof ((struct sockaddr_storage)))
| 	  return 0;
|   ;
|   return 0;
| }
configure:10357: result: yes
configure:10367: checking for struct lifconf
configure:10399: g++ -c -O2  conftest.cpp >&5
conftest.cpp: In function 'int main()':
conftest.cpp:54:27: error: invalid application of 'sizeof' to incomplete type 'main()::lifconf'
 if (sizeof (struct lifconf))
                           ^
configure:10406: $? = 1
configure: failed program was:
| /* confdefs.h.  */
| #define PACKAGE_NAME "omniORB"
| #define PACKAGE_TARNAME "omniorb"
| #define PACKAGE_VERSION "4.1.5"
| #define PACKAGE_STRING "omniORB 4.1.5"
| #define PACKAGE_BUGREPORT "bugs@omniorb-support.com"
| #define STDC_HEADERS 1
| #define HAVE_SYS_TYPES_H 1
| #define HAVE_SYS_STAT_H 1
| #define HAVE_STDLIB_H 1
| #define HAVE_STRING_H 1
| #define HAVE_MEMORY_H 1
| #define HAVE_STRINGS_H 1
| #define HAVE_INTTYPES_H 1
| #define HAVE_STDINT_H 1
| #define HAVE_UNISTD_H 1
| #define HAVE_ERRNO_H 1
| #define HAVE_FCNTL_H 1
| #define HAVE_NETDB_H 1
| #define HAVE_SIGNAL_H 1
| #define HAVE_STDLIB_H 1
| #define HAVE_STRING_H 1
| #define HAVE_STRINGS_H 1
| #define HAVE_UNISTD_H 1
| #define HAVE_SYS_IOCTL_H 1
| #define HAVE_SYS_PARAM_H 1
| #define HAVE_SYS_TIME_H 1
| #define HAVE_SYS_POLL_H 1
| #define HAVE_IFADDRS_H 1
| #define TIME_WITH_SYS_TIME 1
| #define SIZEOF_CHAR 1
| #define SIZEOF_UNSIGNED_CHAR 1
| #define SIZEOF_BOOL 1
| #define SIZEOF_SHORT 2
| #define SIZEOF_INT 4
| #define SIZEOF_LONG 8
| #define SIZEOF_LONG_LONG 8
| #define SIZEOF_FLOAT 4
| #define SIZEOF_DOUBLE 8
| #define SIZEOF_LONG_DOUBLE 16
| #define SIZEOF_WCHAR_T 4
| #define SIZEOF_VOIDP 8
| #define HAVE_STRUCT_SOCKADDR_IN6 1
| #define HAVE_STRUCT_SOCKADDR_STORAGE 1
| /* end confdefs.h.  */
| #include <sys/types.h>
| #include <sys/socket.h>
| #include <net/if.h>
| #include <netinet/in.h>
| 
| int
| main ()
| {
| if (sizeof (struct lifconf))
|        return 0;
|   ;
|   return 0;
| }
configure:10467: result: no
configure:10479: checking for struct sockaddr_in.sin_len
configure:10510: g++ -c -O2  conftest.cpp >&5
conftest.cpp: In function 'int main()':
conftest.cpp:54:13: error: 'struct sockaddr_in' has no member named 'sin_len'; did you mean 'sin_zero'?
 if (ac_aggr.sin_len)
             ^~~~~~~
             sin_zero
configure:10517: $? = 1
configure: failed program was:
| /* confdefs.h.  */
| #define PACKAGE_NAME "omniORB"
| #define PACKAGE_TARNAME "omniorb"
| #define PACKAGE_VERSION "4.1.5"
| #define PACKAGE_STRING "omniORB 4.1.5"
| #define PACKAGE_BUGREPORT "bugs@omniorb-support.com"
| #define STDC_HEADERS 1
| #define HAVE_SYS_TYPES_H 1
| #define HAVE_SYS_STAT_H 1
| #define HAVE_STDLIB_H 1
| #define HAVE_STRING_H 1
| #define HAVE_MEMORY_H 1
| #define HAVE_STRINGS_H 1
| #define HAVE_INTTYPES_H 1
| #define HAVE_STDINT_H 1
| #define HAVE_UNISTD_H 1
| #define HAVE_ERRNO_H 1
| #define HAVE_FCNTL_H 1
| #define HAVE_NETDB_H 1
| #define HAVE_SIGNAL_H 1
| #define HAVE_STDLIB_H 1
| #define HAVE_STRING_H 1
| #define HAVE_STRINGS_H 1
| #define HAVE_UNISTD_H 1
| #define HAVE_SYS_IOCTL_H 1
| #define HAVE_SYS_PARAM_H 1
| #define HAVE_SYS_TIME_H 1
| #define HAVE_SYS_POLL_H 1
| #define HAVE_IFADDRS_H 1
| #define TIME_WITH_SYS_TIME 1
| #define SIZEOF_CHAR 1
| #define SIZEOF_UNSIGNED_CHAR 1
| #define SIZEOF_BOOL 1
| #define SIZEOF_SHORT 2
| #define SIZEOF_INT 4
| #define SIZEOF_LONG 8
| #define SIZEOF_LONG_LONG 8
| #define SIZEOF_FLOAT 4
| #define SIZEOF_DOUBLE 8
| #define SIZEOF_LONG_DOUBLE 16
| #define SIZEOF_WCHAR_T 4
| #define SIZEOF_VOIDP 8
| #define HAVE_STRUCT_SOCKADDR_IN6 1
| #define HAVE_STRUCT_SOCKADDR_STORAGE 1
| /* end confdefs.h.  */
| #include <sys/types.h>
| #include <sys/socket.h>
| #include <netinet/in.h>
| 
| int
| main ()
| {
| static struct sockaddr_in ac_aggr;
| if (ac_aggr.sin_len)
| return 0;
|   ;
|   return 0;
| }
configure:10553: g++ -c -O2  conftest.cpp >&5
conftest.cpp: In function 'int main()':
conftest.cpp:54:20: error: 'struct sockaddr_in' has no member named 'sin_len'; did you mean 'sin_zero'?
 if (sizeof ac_aggr.sin_len)
                    ^~~~~~~
                    sin_zero
configure:10560: $? = 1
configure: failed program was:
| /* confdefs.h.  */
| #define PACKAGE_NAME "omniORB"
| #define PACKAGE_TARNAME "omniorb"
| #define PACKAGE_VERSION "4.1.5"
| #define PACKAGE_STRING "omniORB 4.1.5"
| #define PACKAGE_BUGREPORT "bugs@omniorb-support.com"
| #define STDC_HEADERS 1
| #define HAVE_SYS_TYPES_H 1
| #define HAVE_SYS_STAT_H 1
| #define HAVE_STDLIB_H 1
| #define HAVE_STRING_H 1
| #define HAVE_MEMORY_H 1
| #define HAVE_STRINGS_H 1
| #define HAVE_INTTYPES_H 1
| #define HAVE_STDINT_H 1
| #define HAVE_UNISTD_H 1
| #define HAVE_ERRNO_H 1
| #define HAVE_FCNTL_H 1
| #define HAVE_NETDB_H 1
| #define HAVE_SIGNAL_H 1
| #define HAVE_STDLIB_H 1
| #define HAVE_STRING_H 1
| #define HAVE_STRINGS_H 1
| #define HAVE_UNISTD_H 1
| #define HAVE_SYS_IOCTL_H 1
| #define HAVE_SYS_PARAM_H 1
| #define HAVE_SYS_TIME_H 1
| #define HAVE_SYS_POLL_H 1
| #define HAVE_IFADDRS_H 1
| #define TIME_WITH_SYS_TIME 1
| #define SIZEOF_CHAR 1
| #define SIZEOF_UNSIGNED_CHAR 1
| #define SIZEOF_BOOL 1
| #define SIZEOF_SHORT 2
| #define SIZEOF_INT 4
| #define SIZEOF_LONG 8
| #define SIZEOF_LONG_LONG 8
| #define SIZEOF_FLOAT 4
| #define SIZEOF_DOUBLE 8
| #define SIZEOF_LONG_DOUBLE 16
| #define SIZEOF_WCHAR_T 4
| #define SIZEOF_VOIDP 8
| #define HAVE_STRUCT_SOCKADDR_IN6 1
| #define HAVE_STRUCT_SOCKADDR_STORAGE 1
| /* end confdefs.h.  */
| #include <sys/types.h>
| #include <sys/socket.h>
| #include <netinet/in.h>
| 
| int
| main ()
| {
| static struct sockaddr_in ac_aggr;
| if (sizeof ac_aggr.sin_len)
| return 0;
|   ;
|   return 0;
| }
configure:10578: result: no
configure:10588: checking for struct sockaddr_in.sin_zero
configure:10619: g++ -c -O2  conftest.cpp >&5
configure:10626: $? = 0
configure:10687: result: yes
configure:10701: checking whether the compiler recognizes bool as a built-in type
configure:10738: g++ -c -O2  conftest.cpp >&5
configure:10745: $? = 0
configure:10767: result: yes
configure:10777: checking whether the compiler supports const_cast<>
configure:10810: g++ -c -O2  conftest.cpp >&5
configure:10817: $? = 0
configure:10839: result: yes
configure:10849: checking whether the compiler supports dynamic_cast<>
configure:10885: g++ -c -O2  conftest.cpp >&5
configure:10892: $? = 0
configure:10914: result: yes
configure:10924: checking whether the compiler supports reinterpret_cast<>
configure:10962: g++ -c -O2  conftest.cpp >&5
configure:10969: $? = 0
configure:10991: result: yes
configure:11001: checking whether the compiler implements namespaces
configure:11034: g++ -c -O2  conftest.cpp >&5
configure:11041: $? = 0
configure:11063: result: yes
configure:11073: checking whether the compiler supports ISO C++ standard library
configure:11113: g++ -c -O2  conftest.cpp >&5
configure:11120: $? = 0
configure:11142: result: yes
configure:11152: checking whether the compiler supports member constants
configure:11185: g++ -c -O2  conftest.cpp >&5
configure:11192: $? = 0
configure:11214: result: yes
configure:11225: checking whether the compiler supports exceptions
configure:11258: g++ -c -O2  conftest.cpp >&5
configure:11265: $? = 0
configure:11287: result: yes
configure:11297: checking whether exceptions can be caught by base class
configure:11347: g++ -o conftest -O2   conftest.cpp  >&5
configure:11351: $? = 0
configure:11357: ./conftest
configure:11361: $? = 0
configure:11385: result: yes
configure:11395: checking whether base constructors have to be fully-qualified
configure:11447: g++ -c -O2  conftest.cpp >&5
configure:11454: $? = 0
configure:11476: result: no
configure:11486: checking whether the compiler supports covariant return types
configure:11529: g++ -c -O2  conftest.cpp >&5
configure:11536: $? = 0
configure:11558: result: yes
configure:11568: checking whether long is the same type as int
configure:11603: g++ -c -O2  conftest.cpp >&5
configure:11610: $? = 0
configure:11632: result: no
configure:11645: checking for library containing getaddrinfo
configure:11686: g++ -o conftest -O2   conftest.cpp  >&5
configure:11693: $? = 0
configure:11724: result: none required
configure:11750: checking for getaddrinfo
configure:11806: gcc -o conftest -O   conftest.c  >&5
configure:11813: $? = 0
configure:11835: result: yes
configure:11750: checking for gethostname
configure:11806: gcc -o conftest -O   conftest.c  >&5
configure:11813: $? = 0
configure:11835: result: yes
configure:11750: checking for getopt
configure:11806: gcc -o conftest -O   conftest.c  >&5
configure:11813: $? = 0
configure:11835: result: yes
configure:11750: checking for getpid
configure:11806: gcc -o conftest -O   conftest.c  >&5
configure:11813: $? = 0
configure:11835: result: yes
configure:11750: checking for gettimeofday
configure:11806: gcc -o conftest -O   conftest.c  >&5
configure:11813: $? = 0
configure:11835: result: yes
configure:11852: checking for getnameinfo
configure:11908: gcc -o conftest -O   conftest.c  >&5
configure:11915: $? = 0
configure:11937: result: yes
configure:11852: checking for inet_ntop
configure:11908: gcc -o conftest -O   conftest.c  >&5
configure:11915: $? = 0
configure:11937: result: yes
configure:11959: checking for isinf
configure:12015: gcc -o conftest -O   conftest.c  >&5
conftest.c:87:6: warning: conflicting types for built-in function 'isinf' [-Wbuiltin-declaration-mismatch]
 char isinf ();
      ^~~~~
configure:12022: $? = 0
configure:12044: result: yes
configure:11959: checking for insinff
configure:12015: gcc -o conftest -O   conftest.c  >&5
/tmp/cc3LXLJw.o: In function `main':
conftest.c:(.text+0xa): undefined reference to `insinff'
collect2: error: ld returned 1 exit status
configure:12022: $? = 1
configure: failed program was:
| /* confdefs.h.  */
| #define PACKAGE_NAME "omniORB"
| #define PACKAGE_TARNAME "omniorb"
| #define PACKAGE_VERSION "4.1.5"
| #define PACKAGE_STRING "omniORB 4.1.5"
| #define PACKAGE_BUGREPORT "bugs@omniorb-support.com"
| #define STDC_HEADERS 1
| #define HAVE_SYS_TYPES_H 1
| #define HAVE_SYS_STAT_H 1
| #define HAVE_STDLIB_H 1
| #define HAVE_STRING_H 1
| #define HAVE_MEMORY_H 1
| #define HAVE_STRINGS_H 1
| #define HAVE_INTTYPES_H 1
| #define HAVE_STDINT_H 1
| #define HAVE_UNISTD_H 1
| #define HAVE_ERRNO_H 1
| #define HAVE_FCNTL_H 1
| #define HAVE_NETDB_H 1
| #define HAVE_SIGNAL_H 1
| #define HAVE_STDLIB_H 1
| #define HAVE_STRING_H 1
| #define HAVE_STRINGS_H 1
| #define HAVE_UNISTD_H 1
| #define HAVE_SYS_IOCTL_H 1
| #define HAVE_SYS_PARAM_H 1
| #define HAVE_SYS_TIME_H 1
| #define HAVE_SYS_POLL_H 1
| #define HAVE_IFADDRS_H 1
| #define TIME_WITH_SYS_TIME 1
| #define SIZEOF_CHAR 1
| #define SIZEOF_UNSIGNED_CHAR 1
| #define SIZEOF_BOOL 1
| #define SIZEOF_SHORT 2
| #define SIZEOF_INT 4
| #define SIZEOF_LONG 8
| #define SIZEOF_LONG_LONG 8
| #define SIZEOF_FLOAT 4
| #define SIZEOF_DOUBLE 8
| #define SIZEOF_LONG_DOUBLE 16
| #define SIZEOF_WCHAR_T 4
| #define SIZEOF_VOIDP 8
| #define HAVE_STRUCT_SOCKADDR_IN6 1
| #define HAVE_STRUCT_SOCKADDR_STORAGE 1
| #define HAVE_STRUCT_SOCKADDR_IN_SIN_ZERO 1
| #define HAVE_BOOL /**/
| #define HAVE_CONST_CAST /**/
| #define HAVE_DYNAMIC_CAST /**/
| #define HAVE_REINTERPRET_CAST /**/
| #define HAVE_NAMESPACES /**/
| #define HAVE_STD /**/
| #define HAVE_MEMBER_CONSTANTS /**/
| #define HAVE_EXCEPTIONS /**/
| #define HAVE_CATCH_BY_BASE /**/
| #define OMNI_HAVE_COVARIANT_RETURNS /**/
| #define HAVE_GETADDRINFO 1
| #define HAVE_GETHOSTNAME 1
| #define HAVE_GETOPT 1
| #define HAVE_GETPID 1
| #define HAVE_GETTIMEOFDAY 1
| #define HAVE_GETNAMEINFO 1
| #define HAVE_INET_NTOP 1
| #define HAVE_ISINF 1
| /* end confdefs.h.  */
| /* Define insinff to an innocuous variant, in case <limits.h> declares insinff.
|    For example, HP-UX 11i <limits.h> declares gettimeofday.  */
| #define insinff innocuous_insinff
| 
| /* System header to define __stub macros and hopefully few prototypes,
|     which can conflict with char insinff (); below.
|     Prefer <limits.h> to <assert.h> if __STDC__ is defined, since
|     <limits.h> exists even on freestanding compilers.  */
| 
| #ifdef __STDC__
| # include <limits.h>
| #else
| # include <assert.h>
| #endif
| 
| #undef insinff
| 
| /* Override any GCC internal prototype to avoid an error.
|    Use char because int might match the return type of a GCC
|    builtin and then its argument prototype would still apply.  */
| #ifdef __cplusplus
| extern "C"
| #endif
| char insinff ();
| /* The GNU C library defines this for functions which it implements
|     to always fail with ENOSYS.  Some functions are actually named
|     something starting with __ and the normal name is an alias.  */
| #if defined __stub_insinff || defined __stub___insinff
| choke me
| #endif
| 
| int
| main ()
| {
| return insinff ();
|   ;
|   return 0;
| }
configure:12044: result: no
configure:11959: checking for isinfl
configure:12015: gcc -o conftest -O   conftest.c  >&5
conftest.c:88:6: warning: conflicting types for built-in function 'isinfl' [-Wbuiltin-declaration-mismatch]
 char isinfl ();
      ^~~~~~
configure:12022: $? = 0
configure:12044: result: yes
configure:11959: checking for localtime
configure:12015: gcc -o conftest -O   conftest.c  >&5
configure:12022: $? = 0
configure:12044: result: yes
configure:11959: checking for nanosleep
configure:12015: gcc -o conftest -O   conftest.c  >&5
configure:12022: $? = 0
configure:12044: result: yes
configure:11959: checking for poll
configure:12015: gcc -o conftest -O   conftest.c  >&5
configure:12022: $? = 0
configure:12044: result: yes
configure:11959: checking for sigaction
configure:12015: gcc -o conftest -O   conftest.c  >&5
configure:12022: $? = 0
configure:12044: result: yes
configure:12066: checking for sigvec
configure:12122: gcc -o conftest -O   conftest.c  >&5
/tmp/ccQK31tV.o: In function `main':
conftest.c:(.text+0xa): undefined reference to `sigvec'
collect2: error: ld returned 1 exit status
configure:12129: $? = 1
configure: failed program was:
| /* confdefs.h.  */
| #define PACKAGE_NAME "omniORB"
| #define PACKAGE_TARNAME "omniorb"
| #define PACKAGE_VERSION "4.1.5"
| #define PACKAGE_STRING "omniORB 4.1.5"
| #define PACKAGE_BUGREPORT "bugs@omniorb-support.com"
| #define STDC_HEADERS 1
| #define HAVE_SYS_TYPES_H 1
| #define HAVE_SYS_STAT_H 1
| #define HAVE_STDLIB_H 1
| #define HAVE_STRING_H 1
| #define HAVE_MEMORY_H 1
| #define HAVE_STRINGS_H 1
| #define HAVE_INTTYPES_H 1
| #define HAVE_STDINT_H 1
| #define HAVE_UNISTD_H 1
| #define HAVE_ERRNO_H 1
| #define HAVE_FCNTL_H 1
| #define HAVE_NETDB_H 1
| #define HAVE_SIGNAL_H 1
| #define HAVE_STDLIB_H 1
| #define HAVE_STRING_H 1
| #define HAVE_STRINGS_H 1
| #define HAVE_UNISTD_H 1
| #define HAVE_SYS_IOCTL_H 1
| #define HAVE_SYS_PARAM_H 1
| #define HAVE_SYS_TIME_H 1
| #define HAVE_SYS_POLL_H 1
| #define HAVE_IFADDRS_H 1
| #define TIME_WITH_SYS_TIME 1
| #define SIZEOF_CHAR 1
| #define SIZEOF_UNSIGNED_CHAR 1
| #define SIZEOF_BOOL 1
| #define SIZEOF_SHORT 2
| #define SIZEOF_INT 4
| #define SIZEOF_LONG 8
| #define SIZEOF_LONG_LONG 8
| #define SIZEOF_FLOAT 4
| #define SIZEOF_DOUBLE 8
| #define SIZEOF_LONG_DOUBLE 16
| #define SIZEOF_WCHAR_T 4
| #define SIZEOF_VOIDP 8
| #define HAVE_STRUCT_SOCKADDR_IN6 1
| #define HAVE_STRUCT_SOCKADDR_STORAGE 1
| #define HAVE_STRUCT_SOCKADDR_IN_SIN_ZERO 1
| #define HAVE_BOOL /**/
| #define HAVE_CONST_CAST /**/
| #define HAVE_DYNAMIC_CAST /**/
| #define HAVE_REINTERPRET_CAST /**/
| #define HAVE_NAMESPACES /**/
| #define HAVE_STD /**/
| #define HAVE_MEMBER_CONSTANTS /**/
| #define HAVE_EXCEPTIONS /**/
| #define HAVE_CATCH_BY_BASE /**/
| #define OMNI_HAVE_COVARIANT_RETURNS /**/
| #define HAVE_GETADDRINFO 1
| #define HAVE_GETHOSTNAME 1
| #define HAVE_GETOPT 1
| #define HAVE_GETPID 1
| #define HAVE_GETTIMEOFDAY 1
| #define HAVE_GETNAMEINFO 1
| #define HAVE_INET_NTOP 1
| #define HAVE_ISINF 1
| #define HAVE_ISINFL 1
| #define HAVE_LOCALTIME 1
| #define HAVE_NANOSLEEP 1
| #define HAVE_POLL 1
| #define HAVE_SIGACTION 1
| /* end confdefs.h.  */
| /* Define sigvec to an innocuous variant, in case <limits.h> declares sigvec.
|    For example, HP-UX 11i <limits.h> declares gettimeofday.  */
| #define sigvec innocuous_sigvec
| 
| /* System header to define __stub macros and hopefully few prototypes,
|     which can conflict with char sigvec (); below.
|     Prefer <limits.h> to <assert.h> if __STDC__ is defined, since
|     <limits.h> exists even on freestanding compilers.  */
| 
| #ifdef __STDC__
| # include <limits.h>
| #else
| # include <assert.h>
| #endif
| 
| #undef sigvec
| 
| /* Override any GCC internal prototype to avoid an error.
|    Use char because int might match the return type of a GCC
|    builtin and then its argument prototype would still apply.  */
| #ifdef __cplusplus
| extern "C"
| #endif
| char sigvec ();
| /* The GNU C library defines this for functions which it implements
|     to always fail with ENOSYS.  Some functions are actually named
|     something starting with __ and the normal name is an alias.  */
| #if defined __stub_sigvec || defined __stub___sigvec
| choke me
| #endif
| 
| int
| main ()
| {
| return sigvec ();
|   ;
|   return 0;
| }
configure:12151: result: no
configure:12066: checking for snprintf
configure:12122: gcc -o conftest -O   conftest.c  >&5
conftest.c:93:6: warning: conflicting types for built-in function 'snprintf' [-Wbuiltin-declaration-mismatch]
 char snprintf ();
      ^~~~~~~~
configure:12129: $? = 0
configure:12151: result: yes
configure:12066: checking for strcasecmp
configure:12122: gcc -o conftest -O   conftest.c  >&5
conftest.c:94:6: warning: conflicting types for built-in function 'strcasecmp' [-Wbuiltin-declaration-mismatch]
 char strcasecmp ();
      ^~~~~~~~~~
configure:12129: $? = 0
configure:12151: result: yes
configure:12066: checking for strdup
configure:12122: gcc -o conftest -O   conftest.c  >&5
conftest.c:95:6: warning: conflicting types for built-in function 'strdup' [-Wbuiltin-declaration-mismatch]
 char strdup ();
      ^~~~~~
configure:12129: $? = 0
configure:12151: result: yes
configure:12066: checking for strerror
configure:12122: gcc -o conftest -O   conftest.c  >&5
configure:12129: $? = 0
configure:12151: result: yes
configure:12066: checking for strftime
configure:12122: gcc -o conftest -O   conftest.c  >&5
conftest.c:97:6: warning: conflicting types for built-in function 'strftime' [-Wbuiltin-declaration-mismatch]
 char strftime ();
      ^~~~~~~~
configure:12129: $? = 0
configure:12151: result: yes
configure:12066: checking for stricmp
configure:12122: gcc -o conftest -O   conftest.c  >&5
/tmp/cckTckre.o: In function `main':
conftest.c:(.text+0xa): undefined reference to `stricmp'
collect2: error: ld returned 1 exit status
configure:12129: $? = 1
configure: failed program was:
| /* confdefs.h.  */
| #define PACKAGE_NAME "omniORB"
| #define PACKAGE_TARNAME "omniorb"
| #define PACKAGE_VERSION "4.1.5"
| #define PACKAGE_STRING "omniORB 4.1.5"
| #define PACKAGE_BUGREPORT "bugs@omniorb-support.com"
| #define STDC_HEADERS 1
| #define HAVE_SYS_TYPES_H 1
| #define HAVE_SYS_STAT_H 1
| #define HAVE_STDLIB_H 1
| #define HAVE_STRING_H 1
| #define HAVE_MEMORY_H 1
| #define HAVE_STRINGS_H 1
| #define HAVE_INTTYPES_H 1
| #define HAVE_STDINT_H 1
| #define HAVE_UNISTD_H 1
| #define HAVE_ERRNO_H 1
| #define HAVE_FCNTL_H 1
| #define HAVE_NETDB_H 1
| #define HAVE_SIGNAL_H 1
| #define HAVE_STDLIB_H 1
| #define HAVE_STRING_H 1
| #define HAVE_STRINGS_H 1
| #define HAVE_UNISTD_H 1
| #define HAVE_SYS_IOCTL_H 1
| #define HAVE_SYS_PARAM_H 1
| #define HAVE_SYS_TIME_H 1
| #define HAVE_SYS_POLL_H 1
| #define HAVE_IFADDRS_H 1
| #define TIME_WITH_SYS_TIME 1
| #define SIZEOF_CHAR 1
| #define SIZEOF_UNSIGNED_CHAR 1
| #define SIZEOF_BOOL 1
| #define SIZEOF_SHORT 2
| #define SIZEOF_INT 4
| #define SIZEOF_LONG 8
| #define SIZEOF_LONG_LONG 8
| #define SIZEOF_FLOAT 4
| #define SIZEOF_DOUBLE 8
| #define SIZEOF_LONG_DOUBLE 16
| #define SIZEOF_WCHAR_T 4
| #define SIZEOF_VOIDP 8
| #define HAVE_STRUCT_SOCKADDR_IN6 1
| #define HAVE_STRUCT_SOCKADDR_STORAGE 1
| #define HAVE_STRUCT_SOCKADDR_IN_SIN_ZERO 1
| #define HAVE_BOOL /**/
| #define HAVE_CONST_CAST /**/
| #define HAVE_DYNAMIC_CAST /**/
| #define HAVE_REINTERPRET_CAST /**/
| #define HAVE_NAMESPACES /**/
| #define HAVE_STD /**/
| #define HAVE_MEMBER_CONSTANTS /**/
| #define HAVE_EXCEPTIONS /**/
| #define HAVE_CATCH_BY_BASE /**/
| #define OMNI_HAVE_COVARIANT_RETURNS /**/
| #define HAVE_GETADDRINFO 1
| #define HAVE_GETHOSTNAME 1
| #define HAVE_GETOPT 1
| #define HAVE_GETPID 1
| #define HAVE_GETTIMEOFDAY 1
| #define HAVE_GETNAMEINFO 1
| #define HAVE_INET_NTOP 1
| #define HAVE_ISINF 1
| #define HAVE_ISINFL 1
| #define HAVE_LOCALTIME 1
| #define HAVE_NANOSLEEP 1
| #define HAVE_POLL 1
| #define HAVE_SIGACTION 1
| #define HAVE_SNPRINTF 1
| #define HAVE_STRCASECMP 1
| #define HAVE_STRDUP 1
| #define HAVE_STRERROR 1
| #define HAVE_STRFTIME 1
| /* end confdefs.h.  */
| /* Define stricmp to an innocuous variant, in case <limits.h> declares stricmp.
|    For example, HP-UX 11i <limits.h> declares gettimeofday.  */
| #define stricmp innocuous_stricmp
| 
| /* System header to define __stub macros and hopefully few prototypes,
|     which can conflict with char stricmp (); below.
|     Prefer <limits.h> to <assert.h> if __STDC__ is defined, since
|     <limits.h> exists even on freestanding compilers.  */
| 
| #ifdef __STDC__
| # include <limits.h>
| #else
| # include <assert.h>
| #endif
| 
| #undef stricmp
| 
| /* Override any GCC internal prototype to avoid an error.
|    Use char because int might match the return type of a GCC
|    builtin and then its argument prototype would still apply.  */
| #ifdef __cplusplus
| extern "C"
| #endif
| char stricmp ();
| /* The GNU C library defines this for functions which it implements
|     to always fail with ENOSYS.  Some functions are actually named
|     something starting with __ and the normal name is an alias.  */
| #if defined __stub_stricmp || defined __stub___stricmp
| choke me
| #endif
| 
| int
| main ()
| {
| return stricmp ();
|   ;
|   return 0;
| }
configure:12151: result: no
configure:12173: checking for strncasecmp
configure:12229: gcc -o conftest -O   conftest.c  >&5
conftest.c:98:6: warning: conflicting types for built-in function 'strncasecmp' [-Wbuiltin-declaration-mismatch]
 char strncasecmp ();
      ^~~~~~~~~~~
configure:12236: $? = 0
configure:12258: result: yes
configure:12173: checking for strtoul
configure:12229: gcc -o conftest -O   conftest.c  >&5
configure:12236: $? = 0
configure:12258: result: yes
configure:12173: checking for strtoull
configure:12229: gcc -o conftest -O   conftest.c  >&5
configure:12236: $? = 0
configure:12258: result: yes
configure:12173: checking for strtouq
configure:12229: gcc -o conftest -O   conftest.c  >&5
configure:12236: $? = 0
configure:12258: result: yes
configure:12173: checking for uname
configure:12229: gcc -o conftest -O   conftest.c  >&5
configure:12236: $? = 0
configure:12258: result: yes
configure:12173: checking for vprintf
configure:12229: gcc -o conftest -O   conftest.c  >&5
conftest.c:103:6: warning: conflicting types for built-in function 'vprintf' [-Wbuiltin-declaration-mismatch]
 char vprintf ();
      ^~~~~~~
configure:12236: $? = 0
configure:12258: result: yes
configure:12173: checking for vsnprintf
configure:12229: gcc -o conftest -O   conftest.c  >&5
conftest.c:104:6: warning: conflicting types for built-in function 'vsnprintf' [-Wbuiltin-declaration-mismatch]
 char vsnprintf ();
      ^~~~~~~~~
configure:12236: $? = 0
configure:12258: result: yes
configure:12273: checking for working alloca.h
configure:12300: gcc -o conftest -O   conftest.c  >&5
configure:12307: $? = 0
configure:12327: result: yes
configure:12337: checking for alloca
configure:12384: gcc -o conftest -O   conftest.c  >&5
configure:12391: $? = 0
configure:12411: result: yes
configure:12655: checking for IsNANorINF
configure:12693: g++ -c -O2  conftest.cpp >&5
conftest.cpp:86:10: fatal error: nan.h: No such file or directory
 #include <nan.h>
          ^~~~~~~
compilation terminated.
configure:12700: $? = 1
configure: failed program was:
| /* confdefs.h.  */
| #define PACKAGE_NAME "omniORB"
| #define PACKAGE_TARNAME "omniorb"
| #define PACKAGE_VERSION "4.1.5"
| #define PACKAGE_STRING "omniORB 4.1.5"
| #define PACKAGE_BUGREPORT "bugs@omniorb-support.com"
| #define STDC_HEADERS 1
| #define HAVE_SYS_TYPES_H 1
| #define HAVE_SYS_STAT_H 1
| #define HAVE_STDLIB_H 1
| #define HAVE_STRING_H 1
| #define HAVE_MEMORY_H 1
| #define HAVE_STRINGS_H 1
| #define HAVE_INTTYPES_H 1
| #define HAVE_STDINT_H 1
| #define HAVE_UNISTD_H 1
| #define HAVE_ERRNO_H 1
| #define HAVE_FCNTL_H 1
| #define HAVE_NETDB_H 1
| #define HAVE_SIGNAL_H 1
| #define HAVE_STDLIB_H 1
| #define HAVE_STRING_H 1
| #define HAVE_STRINGS_H 1
| #define HAVE_UNISTD_H 1
| #define HAVE_SYS_IOCTL_H 1
| #define HAVE_SYS_PARAM_H 1
| #define HAVE_SYS_TIME_H 1
| #define HAVE_SYS_POLL_H 1
| #define HAVE_IFADDRS_H 1
| #define TIME_WITH_SYS_TIME 1
| #define SIZEOF_CHAR 1
| #define SIZEOF_UNSIGNED_CHAR 1
| #define SIZEOF_BOOL 1
| #define SIZEOF_SHORT 2
| #define SIZEOF_INT 4
| #define SIZEOF_LONG 8
| #define SIZEOF_LONG_LONG 8
| #define SIZEOF_FLOAT 4
| #define SIZEOF_DOUBLE 8
| #define SIZEOF_LONG_DOUBLE 16
| #define SIZEOF_WCHAR_T 4
| #define SIZEOF_VOIDP 8
| #define HAVE_STRUCT_SOCKADDR_IN6 1
| #define HAVE_STRUCT_SOCKADDR_STORAGE 1
| #define HAVE_STRUCT_SOCKADDR_IN_SIN_ZERO 1
| #define HAVE_BOOL /**/
| #define HAVE_CONST_CAST /**/
| #define HAVE_DYNAMIC_CAST /**/
| #define HAVE_REINTERPRET_CAST /**/
| #define HAVE_NAMESPACES /**/
| #define HAVE_STD /**/
| #define HAVE_MEMBER_CONSTANTS /**/
| #define HAVE_EXCEPTIONS /**/
| #define HAVE_CATCH_BY_BASE /**/
| #define OMNI_HAVE_COVARIANT_RETURNS /**/
| #define HAVE_GETADDRINFO 1
| #define HAVE_GETHOSTNAME 1
| #define HAVE_GETOPT 1
| #define HAVE_GETPID 1
| #define HAVE_GETTIMEOFDAY 1
| #define HAVE_GETNAMEINFO 1
| #define HAVE_INET_NTOP 1
| #define HAVE_ISINF 1
| #define HAVE_ISINFL 1
| #define HAVE_LOCALTIME 1
| #define HAVE_NANOSLEEP 1
| #define HAVE_POLL 1
| #define HAVE_SIGACTION 1
| #define HAVE_SNPRINTF 1
| #define HAVE_STRCASECMP 1
| #define HAVE_STRDUP 1
| #define HAVE_STRERROR 1
| #define HAVE_STRFTIME 1
| #define HAVE_STRNCASECMP 1
| #define HAVE_STRTOUL 1
| #define HAVE_STRTOULL 1
| #define HAVE_STRTOUQ 1
| #define HAVE_UNAME 1
| #define HAVE_VPRINTF 1
| #define HAVE_VSNPRINTF 1
| #define HAVE_ALLOCA_H 1
| #define HAVE_ALLOCA 1
| /* end confdefs.h.  */
| 
| #include <math.h>
| #include <nan.h>
| 
| int
| main ()
| {
| 
|   double d = 1.23;
|   int i = IsNANorINF(d);
| 
|   ;
|   return 0;
| }
configure:12722: result: no
configure:12732: checking whether SIG_IGN is available
configure:12777: g++ -c -O2  conftest.cpp >&5
configure:12784: $? = 0
configure:12806: result: yes
configure:12816: checking whether gettimeofday() takes a timezone argument
configure:12857: g++ -c -O2  conftest.cpp >&5
configure:12864: $? = 0
configure:12886: result: yes
configure:12896: checking third argument of getsockname
configure:12935: g++ -c -O2  conftest.cpp >&5
configure:12942: $? = 0
configure:13014: result: socklen_t
configure:13020: checking omniORB config file location
configure:13035: result: /etc/omniORB.cfg
configure:13044: checking omniNames log directory
configure:13059: result: /var/omninames
configure:13068: checking whether to build static libraries
configure:13082: result: yes
configure:13087: checking whether to trace threads and locking
configure:13101: result: no
configure:13111: checking whether to support IPv6
configure:13125: result: yes
configure:13135: checking whether alloca should be used in omnicpp
configure:13149: result: yes
configure:13159: checking whether to support long double
configure:13173: result: yes
configure:13409: creating ./config.status

## ---------------------- ##
## Running config.status. ##
## ---------------------- ##

This file was extended by omniORB config.status 4.1.5, which was
generated by GNU Autoconf 2.63.  Invocation command line was

  CONFIG_FILES    = 
  CONFIG_HEADERS  = 
  CONFIG_LINKS    = 
  CONFIG_COMMANDS = 
  $ ./config.status 

on nintu

config.status:909: creating mk/beforeauto.mk
config.status:1056: WARNING:  'mk/beforeauto.mk.in' seems to ignore the --datarootdir setting
config.status:909: creating mk/afterauto.mk
config.status:909: creating GNUmakefile
config.status:909: creating src/tool/omniidl/python/scripts/omniidl
config.status:909: creating src/appl/GNUmakefile
config.status:909: creating src/appl/omniMapper/GNUmakefile
config.status:909: creating src/appl/omniNames/GNUmakefile
config.status:909: creating src/appl/utils/catior/GNUmakefile
config.status:909: creating src/appl/utils/convertior/GNUmakefile
config.status:909: creating src/appl/utils/GNUmakefile
config.status:909: creating src/appl/utils/genior/GNUmakefile
config.status:909: creating src/appl/utils/nameclt/GNUmakefile
config.status:909: creating src/GNUmakefile
config.status:909: creating src/examples/anyExample/GNUmakefile
config.status:909: creating src/examples/bidir/GNUmakefile
config.status:909: creating src/examples/boa/GNUmakefile
config.status:909: creating src/examples/call_back/GNUmakefile
config.status:909: creating src/examples/dii/GNUmakefile
config.status:909: creating src/examples/GNUmakefile
config.status:909: creating src/examples/dsi/GNUmakefile
config.status:909: creating src/examples/echo/GNUmakefile
config.status:909: creating src/examples/poa/GNUmakefile
config.status:909: creating src/examples/poa/implicit_activation/GNUmakefile
config.status:909: creating src/examples/poa/persistent_objref/GNUmakefile
config.status:909: creating src/examples/poa/servant_manager/GNUmakefile
config.status:909: creating src/examples/poa/threading/GNUmakefile
config.status:909: creating src/examples/ssl_echo/GNUmakefile
config.status:909: creating src/examples/thread/GNUmakefile
config.status:909: creating src/examples/valuetype/GNUmakefile
config.status:909: creating src/examples/valuetype/simple/GNUmakefile
config.status:909: creating src/lib/GNUmakefile
config.status:909: creating src/lib/omniORB/codesets/GNUmakefile
config.status:909: creating src/lib/omniORB/GNUmakefile
config.status:909: creating src/lib/omniORB/dynamic/GNUmakefile
config.status:909: creating src/lib/omniORB/omniidl_be/cxx/GNUmakefile
config.status:909: creating src/lib/omniORB/omniidl_be/cxx/dynskel/GNUmakefile
config.status:909: creating src/lib/omniORB/omniidl_be/cxx/header/GNUmakefile
config.status:909: creating src/lib/omniORB/omniidl_be/cxx/impl/GNUmakefile
config.status:909: creating src/lib/omniORB/omniidl_be/cxx/skel/GNUmakefile
config.status:909: creating src/lib/omniORB/omniidl_be/GNUmakefile
config.status:909: creating src/lib/omniORB/orbcore/GNUmakefile
config.status:909: creating src/lib/omniORB/orbcore/ssl/GNUmakefile
config.status:909: creating src/lib/omniORB/connections/GNUmakefile
config.status:909: creating src/lib/omnithread/GNUmakefile
config.status:909: creating src/services/GNUmakefile
config.status:909: creating src/services/mklib/GNUmakefile
config.status:909: creating src/services/mklib/stublib/GNUmakefile
config.status:909: creating src/services/mklib/dynstublib/GNUmakefile
config.status:909: creating src/services/mklib/mkBOAlib/GNUmakefile
config.status:909: creating src/tool/GNUmakefile
config.status:909: creating src/tool/omkdepend/GNUmakefile
config.status:909: creating src/tool/omniidl/cxx/cccp/GNUmakefile
config.status:909: creating src/tool/omniidl/cxx/GNUmakefile
config.status:909: creating src/tool/omniidl/GNUmakefile
config.status:909: creating src/tool/omniidl/python/GNUmakefile
config.status:909: creating src/tool/omniidl/python/omniidl_be/GNUmakefile
config.status:909: creating src/tool/omniidl/python/omniidl/GNUmakefile
config.status:909: creating src/tool/omniidl/python/scripts/GNUmakefile
config.status:909: creating include/GNUmakefile
config.status:909: creating include/omniconfig.h
config.status:909: creating include/omnithread/GNUmakefile
config.status:909: creating include/omniORB4/GNUmakefile
config.status:909: creating include/omniORB4/internal/GNUmakefile
config.status:909: creating idl/GNUmakefile
config.status:909: creating idl/COS/GNUmakefile
config.status:909: creating etc/init.d/omniNames
config.status:909: creating contrib/GNUmakefile
config.status:909: creating contrib/pkgconfig/GNUmakefile
config.status:909: creating contrib/pkgconfig/omnithread3.pc
config.status:909: creating contrib/pkgconfig/omniORB4.pc
config.status:1056: WARNING:  'contrib/pkgconfig/omniORB4.pc.in' seems to ignore the --datarootdir setting
config.status:909: creating contrib/pkgconfig/omniDynamic4.pc
config.status:909: creating contrib/pkgconfig/omniCOS4.pc
config.status:1056: WARNING:  'contrib/pkgconfig/omniCOS4.pc.in' seems to ignore the --datarootdir setting
config.status:909: creating contrib/pkgconfig/omniCOSDynamic4.pc
config.status:909: creating contrib/pkgconfig/omniConnectionMgmt4.pc
config.status:909: creating include/omniORB4/acconfig.h
configure:14621: WARNING: unrecognized options: --enable-threads, --enable-shared

## ---------------- ##
## Cache variables. ##
## ---------------- ##

ac_cv_build=x86_64-unknown-linux-gnu
ac_cv_c_bigendian=no
ac_cv_c_compiler_gnu=yes
ac_cv_cxx_bool=yes
ac_cv_cxx_compiler_gnu=yes
ac_cv_cxx_const_cast=yes
ac_cv_cxx_dynamic_cast=yes
ac_cv_cxx_exceptions=yes
ac_cv_cxx_have_std=yes
ac_cv_cxx_member_constants=yes
ac_cv_cxx_namespaces=yes
ac_cv_cxx_reinterpret_cast=yes
ac_cv_env_CCC_set=
ac_cv_env_CCC_value=
ac_cv_env_CC_set=
ac_cv_env_CC_value=
ac_cv_env_CFLAGS_set=
ac_cv_env_CFLAGS_value=
ac_cv_env_CPPFLAGS_set=
ac_cv_env_CPPFLAGS_value=
ac_cv_env_CPP_set=
ac_cv_env_CPP_value=
ac_cv_env_CXXCPP_set=
ac_cv_env_CXXCPP_value=
ac_cv_env_CXXFLAGS_set=
ac_cv_env_CXXFLAGS_value=
ac_cv_env_CXX_set=
ac_cv_env_CXX_value=
ac_cv_env_LDFLAGS_set=
ac_cv_env_LDFLAGS_value=
ac_cv_env_LIBS_set=
ac_cv_env_LIBS_value=
ac_cv_env_OPENSSL_CFLAGS_set=
ac_cv_env_OPENSSL_CFLAGS_value=
ac_cv_env_OPENSSL_LIBS_set=
ac_cv_env_OPENSSL_LIBS_value=
ac_cv_env_PKG_CONFIG_set=
ac_cv_env_PKG_CONFIG_value=
ac_cv_env_build_alias_set=
ac_cv_env_build_alias_value=
ac_cv_env_host_alias_set=
ac_cv_env_host_alias_value=
ac_cv_env_target_alias_set=
ac_cv_env_target_alias_value=
ac_cv_func_alloca_works=yes
ac_cv_func_getaddrinfo=yes
ac_cv_func_gethostname=yes
ac_cv_func_getnameinfo=yes
ac_cv_func_getopt=yes
ac_cv_func_getpid=yes
ac_cv_func_gettimeofday=yes
ac_cv_func_inet_ntop=yes
ac_cv_func_insinff=no
ac_cv_func_isinf=yes
ac_cv_func_isinfl=yes
ac_cv_func_localtime=yes
ac_cv_func_nanosleep=yes
ac_cv_func_poll=yes
ac_cv_func_sigaction=yes
ac_cv_func_sigvec=no
ac_cv_func_snprintf=yes
ac_cv_func_strcasecmp=yes
ac_cv_func_strdup=yes
ac_cv_func_strerror=yes
ac_cv_func_strftime=yes
ac_cv_func_stricmp=no
ac_cv_func_strncasecmp=yes
ac_cv_func_strtoul=yes
ac_cv_func_strtoull=yes
ac_cv_func_strtouq=yes
ac_cv_func_uname=yes
ac_cv_func_vprintf=yes
ac_cv_func_vsnprintf=yes
ac_cv_header_errno_h=yes
ac_cv_header_fcntl_h=yes
ac_cv_header_ifaddrs_h=yes
ac_cv_header_inttypes_h=yes
ac_cv_header_memory_h=yes
ac_cv_header_nan_h=no
ac_cv_header_netdb_h=yes
ac_cv_header_signal_h=yes
ac_cv_header_stdc=yes
ac_cv_header_stdint_h=yes
ac_cv_header_stdlib_h=yes
ac_cv_header_string_h=yes
ac_cv_header_strings_h=yes
ac_cv_header_sys_if_h=no
ac_cv_header_sys_ioctl_h=yes
ac_cv_header_sys_param_h=yes
ac_cv_header_sys_poll_h=yes
ac_cv_header_sys_stat_h=yes
ac_cv_header_sys_time_h=yes
ac_cv_header_sys_types_h=yes
ac_cv_header_time=yes
ac_cv_header_unistd_h=yes
ac_cv_host=x86_64-unknown-linux-gnu
ac_cv_member_struct_sockaddr_in_sin_len=no
ac_cv_member_struct_sockaddr_in_sin_zero=yes
ac_cv_objext=o
ac_cv_path_EGREP='/bin/grep -E'
ac_cv_path_GREP=/bin/grep
ac_cv_path_PKG_CONFIG=/usr/bin/pkg-config
ac_cv_path_PYTHON=/usr/bin/python
ac_cv_path_install='/usr/bin/install -c'
ac_cv_prog_CPP='gcc -E'
ac_cv_prog_CXXCPP='g++ -E'
ac_cv_prog_ac_ct_CC=gcc
ac_cv_prog_ac_ct_CXX=g++
ac_cv_prog_ac_ct_RANLIB=ranlib
ac_cv_prog_cc_c89=
ac_cv_prog_cc_g=yes
ac_cv_prog_cxx_g=yes
ac_cv_prog_make_make_set=yes
ac_cv_search_getaddrinfo='none required'
ac_cv_sizeof_bool=1
ac_cv_sizeof_char=1
ac_cv_sizeof_double=8
ac_cv_sizeof_float=4
ac_cv_sizeof_int=4
ac_cv_sizeof_long=8
ac_cv_sizeof_long_double=16
ac_cv_sizeof_long_long=8
ac_cv_sizeof_short=2
ac_cv_sizeof_unsigned_char=1
ac_cv_sizeof_voidp=8
ac_cv_sizeof_wchar_t=4
ac_cv_type_struct_lifconf=no
ac_cv_type_struct_sockaddr_in6=yes
ac_cv_type_struct_sockaddr_storage=yes
ac_cv_working_alloca_h=yes
am_cv_python_platform=linux2
am_cv_python_pyexecdir='${exec_prefix}/lib/python2.7/site-packages'
am_cv_python_pythondir='${prefix}/lib/python2.7/site-packages'
am_cv_python_version=2.7
omni_cv_cxx_catch_by_base=yes
omni_cv_cxx_covariant_returns=yes
omni_cv_cxx_long_is_int=no
omni_cv_cxx_need_fq_base_ctor=no
omni_cv_enable_alloca=yes
omni_cv_enable_ipv6=yes
omni_cv_enable_longdouble=yes
omni_cv_enable_static=yes
omni_cv_enable_thread_tracing=no
omni_cv_gettimeofday_timezone=yes
omni_cv_have_isnanorinf=no
omni_cv_omninames_logdir=/var/omninames
omni_cv_omniorb_config=/etc/omniORB.cfg
omni_cv_openssl_root=no
omni_cv_sig_ign_available=yes
omni_cv_sockname_size_t=socklen_t

## ----------------- ##
## Output variables. ##
## ----------------- ##

ALLOCA=''
CC='gcc'
CFLAGS='-O'
COMPILER_NAME='Compiler_GCC'
CPP='gcc -E'
CPPFLAGS=''
CXX='g++'
CXXCPP='g++ -E'
CXXFLAGS='-O2'
DEFS='-DHAVE_CONFIG_H'
ECHO_C=''
ECHO_N='-n'
ECHO_T=''
EGREP='/bin/grep -E'
ENABLE_LONGDOUBLE='yes'
ENABLE_STATIC='yes'
EXEEXT=''
EXTRA_GCC_CXXFLAGS=''
GREP='/bin/grep'
INSTALL_DATA='${INSTALL} -m 644'
INSTALL_PROGRAM='${INSTALL}'
INSTALL_SCRIPT='${INSTALL}'
LDFLAGS=''
LIBOBJS=''
LIBS=''
LTLIBOBJS=''
OBJEXT='o'
OMNINAMES_LOGDIR='/var/omninames'
OMNIORB_CONFIG='/etc/omniORB.cfg'
OPENSSL_CFLAGS=''
OPENSSL_LIBS=''
OPEN_SSL_CPPFLAGS=''
OPEN_SSL_LIB=''
OPEN_SSL_ROOT=''
OSVERSION='2'
PACKAGE_BUGREPORT='bugs@omniorb-support.com'
PACKAGE_NAME='omniORB'
PACKAGE_STRING='omniORB 4.1.5'
PACKAGE_TARNAME='omniorb'
PACKAGE_VERSION='4.1.5'
PATH_SEPARATOR=':'
PKG_CONFIG='/usr/bin/pkg-config'
PLATFORM_DEFINE='__linux__'
PLATFORM_NAME='Linux'
PROCESSOR_DEFINE='__x86_64__'
PROCESSOR_NAME='x8664Processor'
PYTHON='/usr/bin/python'
PYTHON_EXEC_PREFIX='${exec_prefix}'
PYTHON_PLATFORM='linux2'
PYTHON_PREFIX='${prefix}'
PYTHON_VERSION='2.7'
RANLIB='ranlib'
SET_MAKE=''
SHELL='/bin/bash'
ac_ct_CC='gcc'
ac_ct_CXX='g++'
bindir='${exec_prefix}/bin'
build='x86_64-unknown-linux-gnu'
build_alias=''
build_cpu='x86_64'
build_os='linux-gnu'
build_vendor='unknown'
datadir='${datarootdir}'
datarootdir='${prefix}/share'
docdir='${datarootdir}/doc/${PACKAGE_TARNAME}'
dvidir='${docdir}'
exec_prefix='${prefix}'
host='x86_64-unknown-linux-gnu'
host_alias=''
host_cpu='x86_64'
host_os='linux-gnu'
host_vendor='unknown'
htmldir='${docdir}'
includedir='${prefix}/include'
infodir='${datarootdir}/info'
libdir='${exec_prefix}/lib'
libexecdir='${exec_prefix}/libexec'
localedir='${datarootdir}/locale'
localstatedir='${prefix}/var'
mandir='${datarootdir}/man'
oldincludedir='/usr/include'
pdfdir='${docdir}'
pkgpyexecdir='${pyexecdir}/'
pkgpythondir='${pythondir}/'
prefix='/opt'
program_transform_name='s,x,x,'
psdir='${docdir}'
pyexecdir='${exec_prefix}/lib/python2.7/site-packages'
pythondir='${prefix}/lib/python2.7/site-packages'
sbindir='${exec_prefix}/sbin'
sharedstatedir='${prefix}/com'
sysconfdir='${prefix}/etc'
target_alias=''

## ----------- ##
## confdefs.h. ##
## ----------- ##

#define PACKAGE_NAME "omniORB"
#define PACKAGE_TARNAME "omniorb"
#define PACKAGE_VERSION "4.1.5"
#define PACKAGE_STRING "omniORB 4.1.5"
#define PACKAGE_BUGREPORT "bugs@omniorb-support.com"
#define STDC_HEADERS 1
#define HAVE_SYS_TYPES_H 1
#define HAVE_SYS_STAT_H 1
#define HAVE_STDLIB_H 1
#define HAVE_STRING_H 1
#define HAVE_MEMORY_H 1
#define HAVE_STRINGS_H 1
#define HAVE_INTTYPES_H 1
#define HAVE_STDINT_H 1
#define HAVE_UNISTD_H 1
#define HAVE_ERRNO_H 1
#define HAVE_FCNTL_H 1
#define HAVE_NETDB_H 1
#define HAVE_SIGNAL_H 1
#define HAVE_STDLIB_H 1
#define HAVE_STRING_H 1
#define HAVE_STRINGS_H 1
#define HAVE_UNISTD_H 1
#define HAVE_SYS_IOCTL_H 1
#define HAVE_SYS_PARAM_H 1
#define HAVE_SYS_TIME_H 1
#define HAVE_SYS_POLL_H 1
#define HAVE_IFADDRS_H 1
#define TIME_WITH_SYS_TIME 1
#define SIZEOF_CHAR 1
#define SIZEOF_UNSIGNED_CHAR 1
#define SIZEOF_BOOL 1
#define SIZEOF_SHORT 2
#define SIZEOF_INT 4
#define SIZEOF_LONG 8
#define SIZEOF_LONG_LONG 8
#define SIZEOF_FLOAT 4
#define SIZEOF_DOUBLE 8
#define SIZEOF_LONG_DOUBLE 16
#define SIZEOF_WCHAR_T 4
#define SIZEOF_VOIDP 8
#define HAVE_STRUCT_SOCKADDR_IN6 1
#define HAVE_STRUCT_SOCKADDR_STORAGE 1
#define HAVE_STRUCT_SOCKADDR_IN_SIN_ZERO 1
#define HAVE_BOOL /**/
#define HAVE_CONST_CAST /**/
#define HAVE_DYNAMIC_CAST /**/
#define HAVE_REINTERPRET_CAST /**/
#define HAVE_NAMESPACES /**/
#define HAVE_STD /**/
#define HAVE_MEMBER_CONSTANTS /**/
#define HAVE_EXCEPTIONS /**/
#define HAVE_CATCH_BY_BASE /**/
#define OMNI_HAVE_COVARIANT_RETURNS /**/
#define HAVE_GETADDRINFO 1
#define HAVE_GETHOSTNAME 1
#define HAVE_GETOPT 1
#define HAVE_GETPID 1
#define HAVE_GETTIMEOFDAY 1
#define HAVE_GETNAMEINFO 1
#define HAVE_INET_NTOP 1
#define HAVE_ISINF 1
#define HAVE_ISINFL 1
#define HAVE_LOCALTIME 1
#define HAVE_NANOSLEEP 1
#define HAVE_POLL 1
#define HAVE_SIGACTION 1
#define HAVE_SNPRINTF 1
#define HAVE_STRCASECMP 1
#define HAVE_STRDUP 1
#define HAVE_STRERROR 1
#define HAVE_STRFTIME 1
#define HAVE_STRNCASECMP 1
#define HAVE_STRTOUL 1
#define HAVE_STRTOULL 1
#define HAVE_STRTOUQ 1
#define HAVE_UNAME 1
#define HAVE_VPRINTF 1
#define HAVE_VSNPRINTF 1
#define HAVE_ALLOCA_H 1
#define HAVE_ALLOCA 1
#define HAVE_SIG_IGN /**/
#define GETTIMEOFDAY_TIMEZONE /**/
#define OMNI_SOCKNAME_SIZE_T socklen_t

configure: exit 0
