Determining if the pthread_create exist failed with the following output:
Change Dir: /media/sf_share/CPP/PThread/build/CMakeFiles/CMakeTmp

Run Build Command:"/usr/bin/make" "cmTC_3e6fe/fast"
/usr/bin/make -f CMakeFiles/cmTC_3e6fe.dir/build.make CMakeFiles/cmTC_3e6fe.dir/build
make[1]: Entering directory '/media/sf_share/CPP/PThread/build/CMakeFiles/CMakeTmp'
Building C object CMakeFiles/cmTC_3e6fe.dir/CheckSymbolExists.c.o
/usr/bin/cc    -o CMakeFiles/cmTC_3e6fe.dir/CheckSymbolExists.c.o   -c /media/sf_share/CPP/PThread/build/CMakeFiles/CMakeTmp/CheckSymbolExists.c
Linking C executable cmTC_3e6fe
/usr/bin/cmake -E cmake_link_script CMakeFiles/cmTC_3e6fe.dir/link.txt --verbose=1
/usr/bin/cc      CMakeFiles/cmTC_3e6fe.dir/CheckSymbolExists.c.o  -o cmTC_3e6fe 
CMakeFiles/cmTC_3e6fe.dir/CheckSymbolExists.c.o: In function `main':
CheckSymbolExists.c:(.text+0x1b): undefined reference to `pthread_create'
collect2: error: ld returned 1 exit status
CMakeFiles/cmTC_3e6fe.dir/build.make:97: recipe for target 'cmTC_3e6fe' failed
make[1]: *** [cmTC_3e6fe] Error 1
make[1]: Leaving directory '/media/sf_share/CPP/PThread/build/CMakeFiles/CMakeTmp'
Makefile:126: recipe for target 'cmTC_3e6fe/fast' failed
make: *** [cmTC_3e6fe/fast] Error 2

File /media/sf_share/CPP/PThread/build/CMakeFiles/CMakeTmp/CheckSymbolExists.c:
/* */
#include <pthread.h>

int main(int argc, char** argv)
{
  (void)argv;
#ifndef pthread_create
  return ((int*)(&pthread_create))[argc];
#else
  (void)argc;
  return 0;
#endif
}

